leo Created
flo Created
johann Created
I'm johann KKKKKKKKKKRRRRRRRRRRRRRREEEEEEEEOOOOOOORRRRGGGGGGG
raph Created
I'm raph KKKKKKKKKKRRRRRRRRRRRRRREEEEEEEEOOOOOOORRRRGGGGGGG
leo strikes with a wood stick
flo takes 15 damage
flo launches a stone
leo takes 10 damage
flo takes a potion
leo launches a stone
flo takes 10 damage
flo strikes with a wood stick
leo takes 15 damage
flo strikes with a wood stick
leo takes 15 damage
leo takes a potion
flo eats
leo eats
leo eats
leo eats
leo is being a boss thanks to his food!
leo strikes with a wood stick
flo out of combat
flo out of combat
leo strikes with a wood stick
johann takes 15 damage
raph intercepts
leo takes 0 damage
johann takes 0 damage
raph strikes with his hammer
johann takes 32 damage
leo Life remaining : 100
leo Power remaining : 80
johann Life remaining : 53
johann Power remaining : 100
raph Life remaining : 100
raph Power remaining : 60
johann takes a potion
johann Life remaining : 100
raph strikes with his hammer
johann takes 32 damage
raph strikes with his hammer
johann takes 32 damage
raph out of power
johann takes 0 damage
raph eats
raph strikes with his hammer
johann takes 32 damage
raph strikes with his hammer
johann out of combat
